<?xml version="1.0" encoding="UTF-8"?>
<!-- Generated by org.testng.reporters.JUnitReportReporter -->
<testsuite skipped="0" hostname="LAPTOP-JV92ANUQ" name="scripts.JobForYouTest" tests="1" failures="0" timestamp="26 Jun 2018 07:21:46 GMT" time="50.627" errors="0">
  <testcase name="test" time="50.627" classname="scripts.JobForYouTest"/>
</testsuite> <!-- scripts.JobForYouTest -->
