<?xml version="1.0" encoding="UTF-8"?>
<!-- Generated by org.testng.reporters.JUnitReportReporter -->
<testsuite skipped="0" hostname="LAPTOP-JV92ANUQ" name="scripts.UpdateOutput" tests="1" failures="0" timestamp="23 Jun 2018 08:38:16 GMT" time="46.286" errors="0">
  <testcase name="test" time="46.286" classname="scripts.UpdateOutput"/>
</testsuite> <!-- scripts.UpdateOutput -->
