<?xml version="1.0" encoding="UTF-8"?>
<!-- Generated by org.testng.reporters.JUnitReportReporter -->
<testsuite skipped="0" hostname="LAPTOP-JV92ANUQ" name="scripts.ForgotOutput" tests="1" failures="0" timestamp="21 Jun 2018 11:58:25 GMT" time="125.867" errors="0">
  <testcase name="test" time="125.867" classname="scripts.ForgotOutput"/>
</testsuite> <!-- scripts.ForgotOutput -->
