<?xml version="1.0" encoding="UTF-8"?>
<!-- Generated by org.testng.reporters.JUnitReportReporter -->
<testsuite skipped="0" hostname="LAPTOP-JV92ANUQ" name="scripts.CareerOutput" tests="1" failures="0" timestamp="21 Jun 2018 09:40:51 GMT" time="126.384" errors="0">
  <testcase name="test" time="126.384" classname="scripts.CareerOutput"/>
</testsuite> <!-- scripts.CareerOutput -->
