<?xml version="1.0" encoding="UTF-8"?>
<!-- Generated by org.testng.reporters.JUnitReportReporter -->
<testsuite skipped="0" hostname="LAPTOP-JV92ANUQ" name="scripts.CertificationOutput" tests="1" failures="0" timestamp="23 Jun 2018 06:39:20 GMT" time="57.571" errors="0">
  <testcase name="test" time="57.571" classname="scripts.CertificationOutput"/>
</testsuite> <!-- scripts.CertificationOutput -->
