<?xml version="1.0" encoding="UTF-8"?>
<!-- Generated by org.testng.reporters.JUnitReportReporter -->
<testsuite skipped="0" hostname="LAPTOP-JV92ANUQ" name="scripts.NotificationOutput" tests="1" failures="0" timestamp="26 Jun 2018 07:21:46 GMT" time="85.999" errors="0">
  <testcase name="test" time="85.999" classname="scripts.NotificationOutput"/>
</testsuite> <!-- scripts.NotificationOutput -->
