<?xml version="1.0" encoding="UTF-8"?>
<!-- Generated by org.testng.reporters.JUnitReportReporter -->
<testsuite skipped="0" hostname="LAPTOP-JV92ANUQ" name="scripts.ForgotPasswordTest" tests="1" failures="0" timestamp="25 Jun 2018 12:28:25 GMT" time="53.204" errors="0">
  <testcase name="test" time="53.204" classname="scripts.ForgotPasswordTest"/>
</testsuite> <!-- scripts.ForgotPasswordTest -->
