<?xml version="1.0" encoding="UTF-8"?>
<!-- Generated by org.testng.reporters.JUnitReportReporter -->
<testsuite skipped="1" hostname="LAPTOP-JV92ANUQ" name="scripts.BlockRecruiterTest" tests="1" failures="0" timestamp="26 Jun 2018 07:21:45 GMT" time="0.000" errors="0">
  <testcase name="test" time="0.000" classname="scripts.BlockRecruiterTest">
    <skipped/>
  </testcase> <!-- test -->
</testsuite> <!-- scripts.BlockRecruiterTest -->
