<?xml version="1.0" encoding="UTF-8"?>
<!-- Generated by org.testng.reporters.JUnitReportReporter -->
<testsuite skipped="0" hostname="LAPTOP-JV92ANUQ" name="scripts.BlockRecruiterOutput" tests="1" failures="0" timestamp="22 Jun 2018 11:07:52 GMT" time="65.955" errors="0">
  <testcase name="test" time="65.955" classname="scripts.BlockRecruiterOutput"/>
</testsuite> <!-- scripts.BlockRecruiterOutput -->
