<?xml version="1.0" encoding="UTF-8"?>
<!-- Generated by org.testng.reporters.JUnitReportReporter -->
<testsuite skipped="0" hostname="LAPTOP-JV92ANUQ" name="scripts.LoginOutput" tests="1" failures="0" timestamp="24 Jun 2018 11:29:30 GMT" time="85.961" errors="0">
  <testcase name="test" time="85.961" classname="scripts.LoginOutput"/>
</testsuite> <!-- scripts.LoginOutput -->
