<?xml version="1.0" encoding="UTF-8"?>
<!-- Generated by org.testng.reporters.JUnitReportReporter -->
<testsuite skipped="0" hostname="LAPTOP-JV92ANUQ" name="scripts.LoginAndLogout" tests="1" failures="0" timestamp="20 Jun 2018 07:09:47 GMT" time="45.222" errors="0">
  <testcase name="test" time="45.222" classname="scripts.LoginAndLogout"/>
</testsuite> <!-- scripts.LoginAndLogout -->
