<?xml version="1.0" encoding="UTF-8"?>
<!-- Generated by org.testng.reporters.JUnitReportReporter -->
<testsuite skipped="0" hostname="LAPTOP-JV92ANUQ" name="scripts.SearchJobsOutput" tests="1" failures="0" timestamp="23 Jun 2018 08:14:40 GMT" time="47.056" errors="0">
  <testcase name="test" time="47.056" classname="scripts.SearchJobsOutput"/>
</testsuite> <!-- scripts.SearchJobsOutput -->
