<?xml version="1.0" encoding="UTF-8"?>
<!-- Generated by org.testng.reporters.JUnitReportReporter -->
<testsuite skipped="0" hostname="LAPTOP-JV92ANUQ" name="scripts.FollowCareerOutput" tests="1" failures="0" timestamp="21 Jun 2018 11:48:55 GMT" time="46.325" errors="0">
  <testcase name="test" time="46.325" classname="scripts.FollowCareerOutput"/>
</testsuite> <!-- scripts.FollowCareerOutput -->
